2026-05-02 00:16:47 [INFO    ] codeshield: ============================================================
2026-05-02 00:16:47 [INFO    ] codeshield:   CodeShield v2.0 — Starting up
2026-05-02 00:16:47 [INFO    ] codeshield: ============================================================
2026-05-02 00:16:47 [INFO    ] codeshield.database: Database initialized at ./codeshield_data/codeshield.db
2026-05-02 00:16:47 [INFO    ] codeshield.database: Applying schema version 1 (current: 0)
2026-05-02 00:16:48 [INFO    ] codeshield.database: Schema version 1 applied successfully
2026-05-02 00:16:48 [INFO    ] codeshield: Database ready at ./codeshield_data/codeshield.db
2026-05-02 00:16:48 [INFO    ] codeshield: Running startup data sync...
2026-05-02 00:16:51 [INFO    ] codeshield.sync: Starting data sync for 2 sources...
2026-05-02 00:16:51 [INFO    ] codeshield.sync.osv: Syncing vulnerability data from OSV.dev...
2026-05-02 00:16:51 [INFO    ] codeshield.sync.spdx: Syncing SPDX license list...
2026-05-02 00:16:51 [WARNING ] codeshield.sync.osv: OSV API request failed for PyPI: 400 Client Error: Bad Request for url: https://api.osv.dev/v1/querybatch
2026-05-02 00:16:51 [INFO    ] codeshield.sync.spdx: Processing 729 SPDX licenses
2026-05-02 00:16:51 [INFO    ] codeshield.sync.spdx: SPDX sync complete: added=729, modified=0
2026-05-02 00:17:11 [WARNING ] codeshield.sync.osv: OSV API request failed for npm: 400 Client Error: Bad Request for url: https://api.osv.dev/v1/querybatch
2026-05-02 00:17:17 [WARNING ] codeshield.sync.osv: OSV API request failed for Go: 400 Client Error: Bad Request for url: https://api.osv.dev/v1/querybatch
2026-05-02 00:17:23 [WARNING ] codeshield.sync.osv: OSV API request failed for crates.io: 400 Client Error: Bad Request for url: https://api.osv.dev/v1/querybatch
2026-05-02 00:17:23 [WARNING ] codeshield.sync.osv: OSV API request failed for RubyGems: 400 Client Error: Bad Request for url: https://api.osv.dev/v1/querybatch
2026-05-02 00:17:24 [WARNING ] codeshield.sync.osv: OSV API request failed for Maven: 400 Client Error: Bad Request for url: https://api.osv.dev/v1/querybatch
2026-05-02 00:17:30 [WARNING ] codeshield.sync.osv: OSV API request failed for NuGet: 400 Client Error: Bad Request for url: https://api.osv.dev/v1/querybatch
2026-05-02 00:17:30 [WARNING ] codeshield.sync.osv: OSV API request failed for Packagist: 400 Client Error: Bad Request for url: https://api.osv.dev/v1/querybatch
2026-05-02 00:17:30 [INFO    ] codeshield.sync.osv: OSV sync complete: added=327, modified=1
2026-05-02 00:17:30 [INFO    ] codeshield.sync: ============================================================
2026-05-02 00:17:30 [INFO    ] codeshield.sync: DATA SYNC REPORT (39.9s)
2026-05-02 00:17:30 [INFO    ] codeshield.sync: ============================================================
2026-05-02 00:17:30 [INFO    ] codeshield.sync:   ✓ spdx_licenses        status=updated    added=729 modified=0
2026-05-02 00:17:30 [INFO    ] codeshield.sync:   ✓ osv_vulnerabilities  status=updated    added=327 modified=1
2026-05-02 00:17:30 [INFO    ] codeshield.sync: ============================================================
2026-05-02 00:17:30 [INFO    ] codeshield: Loading scanner plugins...
2026-05-02 00:17:30 [INFO    ] codeshield.plugins: Discovering plugins in: D:\SAST_SBOM_Scanner\codeshield\plugins
2026-05-02 00:17:30 [ERROR   ] codeshield.plugins: Failed to load plugin license_plugin.py: attempted relative import beyond top-level package
2026-05-02 00:17:30 [ERROR   ] codeshield.plugins: Failed to load plugin sast_plugin.py: attempted relative import beyond top-level package
2026-05-02 00:17:31 [ERROR   ] codeshield.plugins: Failed to load plugin sca_plugin.py: attempted relative import beyond top-level package
2026-05-02 00:17:31 [ERROR   ] codeshield.plugins: Failed to load plugin secrets_plugin.py: attempted relative import beyond top-level package
2026-05-02 00:17:31 [WARNING ] codeshield: No scanner plugins loaded!
2026-05-02 00:17:31 [WARNING ] codeshield: Plugin load error: Failed to load plugin license_plugin.py: attempted relative import beyond top-level package
2026-05-02 00:17:31 [WARNING ] codeshield: Plugin load error: Failed to load plugin sast_plugin.py: attempted relative import beyond top-level package
2026-05-02 00:17:31 [WARNING ] codeshield: Plugin load error: Failed to load plugin sca_plugin.py: attempted relative import beyond top-level package
2026-05-02 00:17:31 [WARNING ] codeshield: Plugin load error: Failed to load plugin secrets_plugin.py: attempted relative import beyond top-level package
2026-05-02 00:17:31 [INFO    ] codeshield: CodeShield ready — listening on 127.0.0.1:5000
2026-05-02 00:19:39 [INFO    ] codeshield: ============================================================
2026-05-02 00:19:39 [INFO    ] codeshield:   CodeShield v2.0 — Starting up
2026-05-02 00:19:39 [INFO    ] codeshield: ============================================================
2026-05-02 00:19:39 [INFO    ] codeshield.database: Database initialized at ./codeshield_data/codeshield.db
2026-05-02 00:19:39 [INFO    ] codeshield: Database ready at ./codeshield_data/codeshield.db
2026-05-02 00:19:39 [INFO    ] codeshield: Running startup data sync...
2026-05-02 00:19:40 [INFO    ] codeshield.sync: Starting data sync for 2 sources...
2026-05-02 00:19:40 [INFO    ] codeshield.sync.osv: Syncing vulnerability data from OSV.dev...
2026-05-02 00:19:40 [INFO    ] codeshield.sync.spdx: Syncing SPDX license list...
2026-05-02 00:19:40 [INFO    ] codeshield.sync.spdx: SPDX data unchanged (hash match)
2026-05-02 00:19:41 [WARNING ] codeshield.sync.osv: OSV API request failed for PyPI: 400 Client Error: Bad Request for url: https://api.osv.dev/v1/querybatch
2026-05-02 00:20:05 [WARNING ] codeshield.sync.osv: OSV API request failed for npm: 400 Client Error: Bad Request for url: https://api.osv.dev/v1/querybatch
2026-05-02 00:20:13 [WARNING ] codeshield.sync.osv: OSV API request failed for Go: 400 Client Error: Bad Request for url: https://api.osv.dev/v1/querybatch
2026-05-02 00:20:20 [WARNING ] codeshield.sync.osv: OSV API request failed for crates.io: 400 Client Error: Bad Request for url: https://api.osv.dev/v1/querybatch
2026-05-02 00:20:20 [WARNING ] codeshield.sync.osv: OSV API request failed for RubyGems: 400 Client Error: Bad Request for url: https://api.osv.dev/v1/querybatch
2026-05-02 00:20:21 [WARNING ] codeshield.sync.osv: OSV API request failed for Maven: 400 Client Error: Bad Request for url: https://api.osv.dev/v1/querybatch
2026-05-02 00:20:26 [WARNING ] codeshield.sync.osv: OSV API request failed for NuGet: 400 Client Error: Bad Request for url: https://api.osv.dev/v1/querybatch
2026-05-02 00:20:26 [WARNING ] codeshield.sync.osv: OSV API request failed for Packagist: 400 Client Error: Bad Request for url: https://api.osv.dev/v1/querybatch
2026-05-02 00:20:26 [INFO    ] codeshield.sync.osv: OSV sync complete: added=0, modified=328
2026-05-02 00:20:26 [INFO    ] codeshield.sync: ============================================================
2026-05-02 00:20:26 [INFO    ] codeshield.sync: DATA SYNC REPORT (46.8s)
2026-05-02 00:20:26 [INFO    ] codeshield.sync: ============================================================
2026-05-02 00:20:26 [INFO    ] codeshield.sync:   [--] spdx_licenses        status=unchanged  added=0 modified=0
2026-05-02 00:20:26 [INFO    ] codeshield.sync:   [OK] osv_vulnerabilities  status=updated    added=0 modified=328
2026-05-02 00:20:26 [INFO    ] codeshield.sync: ============================================================
2026-05-02 00:20:26 [INFO    ] codeshield: Loading scanner plugins...
2026-05-02 00:20:26 [INFO    ] codeshield.plugins: Discovering plugins in: D:\SAST_SBOM_Scanner\codeshield\plugins
2026-05-02 00:20:26 [INFO    ] codeshield.plugins.license: Loaded 729 SPDX license definitions
2026-05-02 00:20:26 [INFO    ] codeshield.plugins: Registered plugin: 'license' v1.0.0 from license_plugin.py
2026-05-02 00:20:27 [INFO    ] codeshield.plugins.sast: Seeding 16 default SAST rules
2026-05-02 00:20:27 [INFO    ] codeshield.plugins.sast: Loaded 16 SAST rules
2026-05-02 00:20:27 [INFO    ] codeshield.plugins: Registered plugin: 'sast' v1.0.0 from sast_plugin.py
2026-05-02 00:20:27 [ERROR   ] codeshield.plugins: Plugin validation failed for sca_plugin.py: maximum recursion depth exceeded
2026-05-02 00:20:27 [INFO    ] codeshield.plugins.secrets: Seeding 14 default secrets patterns
2026-05-02 00:20:27 [INFO    ] codeshield.plugins.secrets: Loaded 14 secrets patterns
2026-05-02 00:20:27 [INFO    ] codeshield.plugins: Registered plugin: 'secrets' v1.0.0 from secrets_plugin.py
2026-05-02 00:20:27 [INFO    ] codeshield: Loaded 3 plugins: license, sast, secrets
2026-05-02 00:20:27 [WARNING ] codeshield: Plugin load error: Plugin validation failed for sca_plugin.py: maximum recursion depth exceeded
2026-05-02 00:20:27 [INFO    ] codeshield: CodeShield ready — listening on 127.0.0.1:5000
2026-05-02 00:21:51 [INFO    ] codeshield: ============================================================
2026-05-02 00:21:51 [INFO    ] codeshield:   CodeShield v2.0 — Starting up
2026-05-02 00:21:51 [INFO    ] codeshield: ============================================================
2026-05-02 00:21:51 [INFO    ] codeshield.database: Database initialized at ./codeshield_data/codeshield.db
2026-05-02 00:21:51 [INFO    ] codeshield: Database ready at ./codeshield_data/codeshield.db
2026-05-02 00:21:51 [INFO    ] codeshield: Running startup data sync...
2026-05-02 00:21:51 [INFO    ] codeshield.sync: Starting data sync for 2 sources...
2026-05-02 00:21:51 [INFO    ] codeshield.sync.osv: Syncing vulnerability data from OSV.dev...
2026-05-02 00:21:51 [INFO    ] codeshield.sync.spdx: Syncing SPDX license list...
2026-05-02 00:21:52 [WARNING ] codeshield.sync.osv: OSV API request failed for PyPI: 400 Client Error: Bad Request for url: https://api.osv.dev/v1/querybatch
2026-05-02 00:21:52 [INFO    ] codeshield.sync.spdx: SPDX data unchanged (hash match)
2026-05-02 00:22:13 [WARNING ] codeshield.sync.osv: OSV API request failed for npm: 400 Client Error: Bad Request for url: https://api.osv.dev/v1/querybatch
2026-05-02 00:22:20 [WARNING ] codeshield.sync.osv: OSV API request failed for Go: 400 Client Error: Bad Request for url: https://api.osv.dev/v1/querybatch
2026-05-02 00:22:25 [WARNING ] codeshield.sync.osv: OSV API request failed for crates.io: 400 Client Error: Bad Request for url: https://api.osv.dev/v1/querybatch
2026-05-02 00:22:26 [WARNING ] codeshield.sync.osv: OSV API request failed for RubyGems: 400 Client Error: Bad Request for url: https://api.osv.dev/v1/querybatch
2026-05-02 00:22:26 [WARNING ] codeshield.sync.osv: OSV API request failed for Maven: 400 Client Error: Bad Request for url: https://api.osv.dev/v1/querybatch
2026-05-02 00:22:33 [WARNING ] codeshield.sync.osv: OSV API request failed for NuGet: 400 Client Error: Bad Request for url: https://api.osv.dev/v1/querybatch
2026-05-02 00:22:33 [WARNING ] codeshield.sync.osv: OSV API request failed for Packagist: 400 Client Error: Bad Request for url: https://api.osv.dev/v1/querybatch
2026-05-02 00:22:33 [INFO    ] codeshield.sync.osv: OSV sync complete: added=0, modified=328
2026-05-02 00:22:33 [INFO    ] codeshield.sync: ============================================================
2026-05-02 00:22:33 [INFO    ] codeshield.sync: DATA SYNC REPORT (42.0s)
2026-05-02 00:22:33 [INFO    ] codeshield.sync: ============================================================
2026-05-02 00:22:33 [INFO    ] codeshield.sync:   [--] spdx_licenses        status=unchanged  added=0 modified=0
2026-05-02 00:22:33 [INFO    ] codeshield.sync:   [OK] osv_vulnerabilities  status=updated    added=0 modified=328
2026-05-02 00:22:33 [INFO    ] codeshield.sync: ============================================================
2026-05-02 00:22:33 [INFO    ] codeshield: Loading scanner plugins...
2026-05-02 00:22:33 [INFO    ] codeshield.plugins: Discovering plugins in: D:\SAST_SBOM_Scanner\codeshield\plugins
2026-05-02 00:22:33 [INFO    ] codeshield.plugins.license: Loaded 729 SPDX license definitions
2026-05-02 00:22:33 [INFO    ] codeshield.plugins: Registered plugin: 'license' v1.0.0 from license_plugin.py
2026-05-02 00:22:33 [INFO    ] codeshield.plugins.sast: Loaded 16 SAST rules
2026-05-02 00:22:33 [INFO    ] codeshield.plugins: Registered plugin: 'sast' v1.0.0 from sast_plugin.py
2026-05-02 00:22:33 [INFO    ] codeshield.plugins.sca: Built 38 interval trees from vulnerability DB
2026-05-02 00:22:33 [INFO    ] codeshield.plugins: Registered plugin: 'sca' v1.0.0 from sca_plugin.py
2026-05-02 00:22:33 [INFO    ] codeshield.plugins.secrets: Loaded 14 secrets patterns
2026-05-02 00:22:33 [INFO    ] codeshield.plugins: Registered plugin: 'secrets' v1.0.0 from secrets_plugin.py
2026-05-02 00:22:33 [INFO    ] codeshield: Loaded 4 plugins: license, sast, sca, secrets
2026-05-02 00:22:33 [INFO    ] codeshield: CodeShield ready — listening on 127.0.0.1:5000
2026-05-02 00:31:24 [INFO    ] codeshield.context: Scan context built: 23 files, 3 languages, 2 manifests
2026-05-02 00:31:25 [INFO    ] codeshield.engine: Persisted 3 findings for scan 22488953-4102-4cef-840a-c07809584325
2026-05-02 00:31:25 [INFO    ] codeshield.engine: Cleaned up temp directory for scan 22488953-4102-4cef-840a-c07809584325
2026-05-02 01:02:54 [INFO    ] codeshield: ============================================================
2026-05-02 01:02:54 [INFO    ] codeshield:   CodeShield v2.0 — Starting up
2026-05-02 01:02:54 [INFO    ] codeshield: ============================================================
2026-05-02 01:02:54 [INFO    ] codeshield.database: Database initialized at ./codeshield_data/codeshield.db
2026-05-02 01:02:54 [INFO    ] codeshield.database: Applying schema version 1 (current: 0)
2026-05-02 01:02:54 [INFO    ] codeshield.database: Schema version 1 applied successfully
2026-05-02 01:02:54 [INFO    ] codeshield.database: Applying schema migration v2 (current: 1)
2026-05-02 01:02:54 [INFO    ] codeshield.database: Schema version 2 applied successfully
2026-05-02 01:02:54 [INFO    ] codeshield: Database ready at ./codeshield_data/codeshield.db
2026-05-02 01:02:54 [INFO    ] codeshield: Running startup data sync...
2026-05-02 01:02:54 [INFO    ] codeshield.sync: Starting data sync for 2 sources...
2026-05-02 01:02:54 [INFO    ] codeshield.sync.osv: Syncing vulnerability data from OSV.dev...
2026-05-02 01:02:54 [INFO    ] codeshield.sync.spdx: Syncing SPDX license list...
2026-05-02 01:02:56 [WARNING ] codeshield.sync.osv: OSV API request failed for PyPI: 400 Client Error: Bad Request for url: https://api.osv.dev/v1/querybatch
2026-05-02 01:02:56 [INFO    ] codeshield.sync.spdx: Processing 729 SPDX licenses
2026-05-02 01:02:56 [INFO    ] codeshield.sync.spdx: SPDX sync complete: added=729, modified=0
2026-05-02 01:03:18 [WARNING ] codeshield.sync.osv: OSV API request failed for npm: 400 Client Error: Bad Request for url: https://api.osv.dev/v1/querybatch
2026-05-02 01:03:25 [WARNING ] codeshield.sync.osv: OSV API request failed for Go: 400 Client Error: Bad Request for url: https://api.osv.dev/v1/querybatch
2026-05-02 01:03:30 [WARNING ] codeshield.sync.osv: OSV API request failed for crates.io: 400 Client Error: Bad Request for url: https://api.osv.dev/v1/querybatch
2026-05-02 01:03:30 [WARNING ] codeshield.sync.osv: OSV API request failed for RubyGems: 400 Client Error: Bad Request for url: https://api.osv.dev/v1/querybatch
2026-05-02 01:03:31 [WARNING ] codeshield.sync.osv: OSV API request failed for Maven: 400 Client Error: Bad Request for url: https://api.osv.dev/v1/querybatch
2026-05-02 01:03:36 [WARNING ] codeshield.sync.osv: OSV API request failed for NuGet: 400 Client Error: Bad Request for url: https://api.osv.dev/v1/querybatch
2026-05-02 01:03:36 [WARNING ] codeshield.sync.osv: OSV API request failed for Packagist: 400 Client Error: Bad Request for url: https://api.osv.dev/v1/querybatch
2026-05-02 01:03:36 [INFO    ] codeshield.sync.osv: OSV sync complete: added=327, modified=1
2026-05-02 01:03:36 [INFO    ] codeshield.sync: ============================================================
2026-05-02 01:03:36 [INFO    ] codeshield.sync: DATA SYNC REPORT (42.1s)
2026-05-02 01:03:36 [INFO    ] codeshield.sync: ============================================================
2026-05-02 01:03:36 [INFO    ] codeshield.sync:   [OK] spdx_licenses        status=updated    added=729 modified=0
2026-05-02 01:03:36 [INFO    ] codeshield.sync:   [OK] osv_vulnerabilities  status=updated    added=327 modified=1
2026-05-02 01:03:36 [INFO    ] codeshield.sync: ============================================================
2026-05-02 01:03:36 [INFO    ] codeshield: Loading scanner plugins...
2026-05-02 01:03:36 [INFO    ] codeshield.plugins: Discovering plugins in: D:\SAST_SBOM_Scanner\codeshield\plugins
2026-05-02 01:03:36 [INFO    ] codeshield.plugins: Registered plugin: 'apisecurity' v1.0.0 from apisecurity_plugin.py
2026-05-02 01:03:36 [INFO    ] codeshield.plugins: Registered plugin: 'codequality' v1.0.0 from codequality_plugin.py
2026-05-02 01:03:36 [INFO    ] codeshield.plugins.license: Loaded 729 SPDX license definitions
2026-05-02 01:03:36 [INFO    ] codeshield.plugins: Registered plugin: 'license' v1.0.0 from license_plugin.py
2026-05-02 01:03:36 [INFO    ] codeshield.plugins.sast: Seeding 16 default SAST rules
2026-05-02 01:03:36 [INFO    ] codeshield.plugins.sast: Loaded 16 SAST rules
2026-05-02 01:03:36 [INFO    ] codeshield.plugins: Registered plugin: 'sast' v1.0.0 from sast_plugin.py
2026-05-02 01:03:36 [INFO    ] codeshield.plugins.sca: Built 38 interval trees from vulnerability DB
2026-05-02 01:03:36 [INFO    ] codeshield.plugins: Registered plugin: 'sca' v1.0.0 from sca_plugin.py
2026-05-02 01:03:36 [INFO    ] codeshield.plugins.secrets: Seeding 14 default secrets patterns
2026-05-02 01:03:36 [INFO    ] codeshield.plugins.secrets: Loaded 14 secrets patterns
2026-05-02 01:03:36 [INFO    ] codeshield.plugins: Registered plugin: 'secrets' v1.0.0 from secrets_plugin.py
2026-05-02 01:03:36 [INFO    ] codeshield.plugins: Registered plugin: 'supplychain' v1.0.0 from supplychain_plugin.py
2026-05-02 01:03:36 [INFO    ] codeshield: Loaded 7 plugins: apisecurity, codequality, license, sast, sca, secrets, supplychain
2026-05-02 01:03:36 [INFO    ] codeshield: CodeShield ready — listening on 127.0.0.1:5000
2026-05-02 01:07:46 [INFO    ] codeshield.context: Scan context built: 23 files, 3 languages, 2 manifests
2026-05-02 01:07:46 [INFO    ] codeshield.engine: Persisted 17 findings for scan 1b6da241-9fce-4452-922d-0dfa16a4e699
2026-05-02 01:07:46 [INFO    ] codeshield.engine: Cleaned up temp directory for scan 1b6da241-9fce-4452-922d-0dfa16a4e699
2026-05-02 15:35:30 [INFO    ] codeshield: ============================================================
2026-05-02 15:35:30 [INFO    ] codeshield:   CodeShield v2.0 — Starting up
2026-05-02 15:35:30 [INFO    ] codeshield: ============================================================
2026-05-02 15:35:30 [INFO    ] codeshield.database: Database initialized at ./codeshield_data/codeshield.db
2026-05-02 15:35:30 [INFO    ] codeshield: Database ready at ./codeshield_data/codeshield.db
2026-05-02 15:35:30 [INFO    ] codeshield: Running startup data sync...
2026-05-02 15:35:33 [INFO    ] codeshield.sync: Starting data sync for 2 sources...
2026-05-02 15:35:33 [INFO    ] codeshield.sync.osv: Syncing vulnerability data from OSV.dev...
2026-05-02 15:35:33 [INFO    ] codeshield.sync.spdx: Syncing SPDX license list...
2026-05-02 15:35:34 [INFO    ] codeshield.sync.spdx: SPDX data unchanged (hash match)
2026-05-02 15:35:34 [WARNING ] codeshield.sync.osv: OSV API request failed for PyPI: 400 Client Error: Bad Request for url: https://api.osv.dev/v1/querybatch
2026-05-02 15:35:57 [WARNING ] codeshield.sync.osv: OSV API request failed for npm: 400 Client Error: Bad Request for url: https://api.osv.dev/v1/querybatch
2026-05-02 15:36:03 [WARNING ] codeshield.sync.osv: OSV API request failed for Go: 400 Client Error: Bad Request for url: https://api.osv.dev/v1/querybatch
2026-05-02 15:36:09 [WARNING ] codeshield.sync.osv: OSV API request failed for crates.io: 400 Client Error: Bad Request for url: https://api.osv.dev/v1/querybatch
2026-05-02 15:36:09 [WARNING ] codeshield.sync.osv: OSV API request failed for RubyGems: 400 Client Error: Bad Request for url: https://api.osv.dev/v1/querybatch
2026-05-02 15:36:10 [WARNING ] codeshield.sync.osv: OSV API request failed for Maven: 400 Client Error: Bad Request for url: https://api.osv.dev/v1/querybatch
2026-05-02 15:36:15 [WARNING ] codeshield.sync.osv: OSV API request failed for NuGet: 400 Client Error: Bad Request for url: https://api.osv.dev/v1/querybatch
2026-05-02 15:36:16 [WARNING ] codeshield.sync.osv: OSV API request failed for Packagist: 400 Client Error: Bad Request for url: https://api.osv.dev/v1/querybatch
2026-05-02 15:36:16 [INFO    ] codeshield.sync.osv: OSV sync complete: added=0, modified=328
2026-05-02 15:36:16 [INFO    ] codeshield.sync: ============================================================
2026-05-02 15:36:16 [INFO    ] codeshield.sync: DATA SYNC REPORT (42.8s)
2026-05-02 15:36:16 [INFO    ] codeshield.sync: ============================================================
2026-05-02 15:36:16 [INFO    ] codeshield.sync:   [--] spdx_licenses        status=unchanged  added=0 modified=0
2026-05-02 15:36:16 [INFO    ] codeshield.sync:   [OK] osv_vulnerabilities  status=updated    added=0 modified=328
2026-05-02 15:36:16 [INFO    ] codeshield.sync: ============================================================
2026-05-02 15:36:16 [INFO    ] codeshield: Loading scanner plugins...
2026-05-02 15:36:16 [INFO    ] codeshield.plugins: Discovering plugins in: D:\SAST_SBOM_Scanner\codeshield\plugins
2026-05-02 15:36:16 [INFO    ] codeshield.plugins: Registered plugin: 'apisecurity' v1.0.0 from apisecurity_plugin.py
2026-05-02 15:36:16 [INFO    ] codeshield.plugins: Registered plugin: 'codequality' v1.0.0 from codequality_plugin.py
2026-05-02 15:36:16 [INFO    ] codeshield.plugins.license: Loaded 729 SPDX license definitions
2026-05-02 15:36:16 [INFO    ] codeshield.plugins: Registered plugin: 'license' v1.0.0 from license_plugin.py
2026-05-02 15:36:16 [INFO    ] codeshield.plugins.sast: Loaded 16 SAST rules
2026-05-02 15:36:16 [INFO    ] codeshield.plugins: Registered plugin: 'sast' v1.0.0 from sast_plugin.py
2026-05-02 15:36:16 [INFO    ] codeshield.plugins.sca: Built 38 interval trees from vulnerability DB
2026-05-02 15:36:16 [INFO    ] codeshield.plugins: Registered plugin: 'sca' v1.0.0 from sca_plugin.py
2026-05-02 15:36:16 [INFO    ] codeshield.plugins.secrets: Loaded 14 secrets patterns
2026-05-02 15:36:16 [INFO    ] codeshield.plugins: Registered plugin: 'secrets' v1.0.0 from secrets_plugin.py
2026-05-02 15:36:16 [INFO    ] codeshield.plugins: Registered plugin: 'supplychain' v1.0.0 from supplychain_plugin.py
2026-05-02 15:36:16 [INFO    ] codeshield: Loaded 7 plugins: apisecurity, codequality, license, sast, sca, secrets, supplychain
2026-05-02 15:36:16 [INFO    ] codeshield: CodeShield ready — listening on 127.0.0.1:5000
2026-05-02 15:44:33 [INFO    ] codeshield.context: Scan context built: 5774 files, 6 languages, 63 manifests
2026-05-02 15:44:51 [INFO    ] codeshield.engine: Persisted 1095 findings for scan de490a14-4a32-4036-8236-88c46bcbf48a
2026-05-02 15:44:53 [INFO    ] codeshield.engine: Cleaned up temp directory for scan de490a14-4a32-4036-8236-88c46bcbf48a
2026-05-02 17:09:09 [INFO    ] codeshield: ============================================================
2026-05-02 17:09:09 [INFO    ] codeshield:   CodeShield v2.0 — Starting up
2026-05-02 17:09:09 [INFO    ] codeshield: ============================================================
2026-05-02 17:09:09 [INFO    ] codeshield.database: Database initialized at ./codeshield_data/codeshield.db
2026-05-02 17:09:09 [INFO    ] codeshield.database: Applying schema version 1 (current: 0)
2026-05-02 17:09:09 [INFO    ] codeshield.database: Schema version 1 applied successfully
2026-05-02 17:09:09 [INFO    ] codeshield.database: Applying schema migration v2 (current: 1)
2026-05-02 17:09:09 [INFO    ] codeshield.database: Schema version 2 applied successfully
2026-05-02 17:09:09 [INFO    ] codeshield: Database ready at ./codeshield_data/codeshield.db
2026-05-02 17:09:09 [INFO    ] codeshield: Running startup data sync...
2026-05-02 17:09:09 [INFO    ] codeshield.sync: Starting data sync for 2 sources...
2026-05-02 17:09:09 [INFO    ] codeshield.sync.osv: Syncing vulnerability data from OSV.dev...
2026-05-02 17:09:09 [INFO    ] codeshield.sync.spdx: Syncing SPDX license list...
2026-05-02 17:09:10 [WARNING ] codeshield.sync.osv: OSV API request failed for PyPI: 400 Client Error: Bad Request for url: https://api.osv.dev/v1/querybatch
2026-05-02 17:09:10 [INFO    ] codeshield.sync.spdx: Processing 729 SPDX licenses
2026-05-02 17:09:10 [INFO    ] codeshield.sync.spdx: SPDX sync complete: added=729, modified=0
2026-05-02 17:09:32 [WARNING ] codeshield.sync.osv: OSV API request failed for npm: 400 Client Error: Bad Request for url: https://api.osv.dev/v1/querybatch
2026-05-02 17:09:39 [WARNING ] codeshield.sync.osv: OSV API request failed for Go: 400 Client Error: Bad Request for url: https://api.osv.dev/v1/querybatch
2026-05-02 17:09:50 [WARNING ] codeshield.sync.osv: OSV API request failed for crates.io: 400 Client Error: Bad Request for url: https://api.osv.dev/v1/querybatch
2026-05-02 17:09:50 [WARNING ] codeshield.sync.osv: OSV API request failed for RubyGems: 400 Client Error: Bad Request for url: https://api.osv.dev/v1/querybatch
2026-05-02 17:09:51 [WARNING ] codeshield.sync.osv: OSV API request failed for Maven: 400 Client Error: Bad Request for url: https://api.osv.dev/v1/querybatch
2026-05-02 17:09:59 [WARNING ] codeshield.sync.osv: OSV API request failed for NuGet: 400 Client Error: Bad Request for url: https://api.osv.dev/v1/querybatch
2026-05-02 17:09:59 [WARNING ] codeshield.sync.osv: OSV API request failed for Packagist: 400 Client Error: Bad Request for url: https://api.osv.dev/v1/querybatch
2026-05-02 17:09:59 [INFO    ] codeshield.sync.osv: OSV sync complete: added=327, modified=1
2026-05-02 17:09:59 [INFO    ] codeshield.sync: ============================================================
2026-05-02 17:09:59 [INFO    ] codeshield.sync: DATA SYNC REPORT (49.8s)
2026-05-02 17:09:59 [INFO    ] codeshield.sync: ============================================================
2026-05-02 17:09:59 [INFO    ] codeshield.sync:   [OK] spdx_licenses            status=updated    added=729 modified=0
2026-05-02 17:09:59 [INFO    ] codeshield.sync:   [OK] osv_vulnerabilities      status=updated    added=327 modified=1
2026-05-02 17:09:59 [INFO    ] codeshield.sync: ============================================================
2026-05-02 17:10:02 [INFO    ] codeshield: Loading scanner plugins...
2026-05-02 17:10:02 [INFO    ] codeshield.plugins: Discovering plugins in: D:\SAST_SBOM_Scanner\codeshield\plugins
2026-05-02 17:10:02 [INFO    ] codeshield.sync: Background sync started for 3 secondary sources...
2026-05-02 17:10:02 [INFO    ] codeshield.sync.nvd: Syncing vulnerability data from NVD API v2.0...
2026-05-02 17:10:02 [INFO    ] codeshield.plugins: Registered plugin: 'apisecurity' v1.0.0 from apisecurity_plugin.py
2026-05-02 17:10:02 [INFO    ] codeshield.plugins: Registered plugin: 'codequality' v1.0.0 from codequality_plugin.py
2026-05-02 17:10:02 [INFO    ] codeshield.plugins.license: Loaded 729 SPDX license definitions
2026-05-02 17:10:02 [INFO    ] codeshield.plugins: Registered plugin: 'license' v1.0.0 from license_plugin.py
2026-05-02 17:10:02 [INFO    ] codeshield.plugins.sast: Seeding 16 default SAST rules
2026-05-02 17:10:02 [INFO    ] codeshield.plugins.sast: Loaded 16 SAST rules
2026-05-02 17:10:02 [INFO    ] codeshield.plugins: Registered plugin: 'sast' v1.0.0 from sast_plugin.py
2026-05-02 17:10:02 [INFO    ] codeshield.plugins.sca: Built 38 interval trees from vulnerability DB
2026-05-02 17:10:02 [INFO    ] codeshield.plugins: Registered plugin: 'sca' v1.0.0 from sca_plugin.py
2026-05-02 17:10:02 [INFO    ] codeshield.plugins.secrets: Seeding 14 default secrets patterns
2026-05-02 17:10:02 [INFO    ] codeshield.plugins.secrets: Loaded 14 secrets patterns
2026-05-02 17:10:02 [INFO    ] codeshield.plugins: Registered plugin: 'secrets' v1.0.0 from secrets_plugin.py
2026-05-02 17:10:02 [INFO    ] codeshield.plugins: Registered plugin: 'supplychain' v1.0.0 from supplychain_plugin.py
2026-05-02 17:10:02 [INFO    ] codeshield: Loaded 7 plugins: apisecurity, codequality, license, sast, sca, secrets, supplychain
2026-05-02 17:10:02 [INFO    ] codeshield: CodeShield ready — listening on 127.0.0.1:5000
2026-05-02 17:10:02 [INFO    ] codeshield.sync.nvd: NVD initial sync (last 90 days)
2026-05-02 17:10:04 [INFO    ] codeshield.sync.nvd: NVD reports 117865 total CVEs to sync
2026-05-02 17:11:30 [INFO    ] codeshield.sync.nvd: NVD sync capped at 10 pages, will continue next startup
2026-05-02 17:11:30 [INFO    ] codeshield.sync.nvd: NVD sync complete: added=2000, modified=0
2026-05-02 17:11:30 [INFO    ] codeshield.sync: Background sync [nvd_vulnerabilities]: status=updated added=2000 modified=0
2026-05-02 17:11:30 [INFO    ] codeshield.sync.github_advisory: GITHUB_TOKEN not set, skipping GitHub Advisory sync
2026-05-02 17:11:30 [INFO    ] codeshield.sync: Background sync [github_advisories]: status=unchanged added=0 modified=0
2026-05-02 17:11:30 [INFO    ] codeshield.sync.ossindex: Enriching vulnerability data from OSS Index...
2026-05-02 17:11:31 [WARNING ] codeshield.sync.ossindex: OSS Index batch request failed: 401 Client Error: Unauthorized for url: https://ossindex.sonatype.org/api/v3/component-report
2026-05-02 17:11:31 [INFO    ] codeshield.sync.ossindex: OSS Index sync complete: added=0, modified=0
2026-05-02 17:11:31 [INFO    ] codeshield.sync: Background sync [ossindex]: status=updated added=0 modified=0
2026-05-02 17:11:31 [INFO    ] codeshield.sync: Background sync complete for all secondary sources
2026-05-02 17:12:46 [INFO    ] codeshield: ============================================================
2026-05-02 17:12:46 [INFO    ] codeshield:   CodeShield v2.0 — Starting up
2026-05-02 17:12:46 [INFO    ] codeshield: ============================================================
2026-05-02 17:12:46 [INFO    ] codeshield.database: Database initialized at ./codeshield_data/codeshield.db
2026-05-02 17:12:46 [INFO    ] codeshield: Database ready at ./codeshield_data/codeshield.db
2026-05-02 17:12:46 [INFO    ] codeshield: Running startup data sync...
2026-05-02 17:12:47 [INFO    ] codeshield.sync: Starting data sync for 2 sources...
2026-05-02 17:12:47 [INFO    ] codeshield.sync.osv: Syncing vulnerability data from OSV.dev...
2026-05-02 17:12:47 [INFO    ] codeshield.sync.spdx: Syncing SPDX license list...
2026-05-02 17:12:47 [INFO    ] codeshield.sync.spdx: SPDX data unchanged (hash match)
2026-05-02 17:14:20 [INFO    ] codeshield.sync.osv: OSV sync complete: added=407, modified=328
2026-05-02 17:14:20 [INFO    ] codeshield.sync: ============================================================
2026-05-02 17:14:20 [INFO    ] codeshield.sync: DATA SYNC REPORT (93.8s)
2026-05-02 17:14:20 [INFO    ] codeshield.sync: ============================================================
2026-05-02 17:14:20 [INFO    ] codeshield.sync:   [--] spdx_licenses            status=unchanged  added=0 modified=0
2026-05-02 17:14:20 [INFO    ] codeshield.sync:   [OK] osv_vulnerabilities      status=updated    added=407 modified=328
2026-05-02 17:14:20 [INFO    ] codeshield.sync: ============================================================
2026-05-02 17:14:20 [INFO    ] codeshield: Loading scanner plugins...
2026-05-02 17:14:20 [INFO    ] codeshield.plugins: Discovering plugins in: D:\SAST_SBOM_Scanner\codeshield\plugins
2026-05-02 17:14:20 [INFO    ] codeshield.sync: Background sync started for 3 secondary sources...
2026-05-02 17:14:20 [INFO    ] codeshield.plugins: Registered plugin: 'apisecurity' v1.0.0 from apisecurity_plugin.py
2026-05-02 17:14:20 [INFO    ] codeshield.sync.nvd: Syncing vulnerability data from NVD API v2.0...
2026-05-02 17:14:20 [INFO    ] codeshield.plugins: Registered plugin: 'codequality' v1.0.0 from codequality_plugin.py
2026-05-02 17:14:20 [INFO    ] codeshield.plugins.license: Loaded 729 SPDX license definitions
2026-05-02 17:14:20 [INFO    ] codeshield.plugins: Registered plugin: 'license' v1.0.0 from license_plugin.py
2026-05-02 17:14:20 [INFO    ] codeshield.plugins.sast: Loaded 16 SAST rules
2026-05-02 17:14:20 [INFO    ] codeshield.plugins: Registered plugin: 'sast' v1.0.0 from sast_plugin.py
2026-05-02 17:14:20 [INFO    ] codeshield.sync.nvd: NVD incremental sync from 2026-05-02T11:41:30.656785
2026-05-02 17:14:20 [INFO    ] codeshield.plugins.sca: Built 235 interval trees from vulnerability DB
2026-05-02 17:14:20 [INFO    ] codeshield.plugins: Registered plugin: 'sca' v1.0.0 from sca_plugin.py
2026-05-02 17:14:20 [INFO    ] codeshield.plugins.secrets: Loaded 14 secrets patterns
2026-05-02 17:14:20 [INFO    ] codeshield.plugins: Registered plugin: 'secrets' v1.0.0 from secrets_plugin.py
2026-05-02 17:14:20 [INFO    ] codeshield.plugins: Registered plugin: 'supplychain' v1.0.0 from supplychain_plugin.py
2026-05-02 17:14:20 [INFO    ] codeshield: Loaded 7 plugins: apisecurity, codequality, license, sast, sca, secrets, supplychain
2026-05-02 17:14:20 [INFO    ] codeshield: CodeShield ready — listening on 127.0.0.1:5000
2026-05-02 17:14:22 [INFO    ] codeshield.sync.nvd: NVD reports 0 total CVEs to sync
2026-05-02 17:14:22 [INFO    ] codeshield.sync.nvd: NVD sync complete: added=0, modified=0
2026-05-02 17:14:22 [INFO    ] codeshield.sync: Background sync [nvd_vulnerabilities]: status=updated added=0 modified=0
2026-05-02 17:14:22 [INFO    ] codeshield.sync.github_advisory: GITHUB_TOKEN not set, skipping GitHub Advisory sync
2026-05-02 17:14:22 [INFO    ] codeshield.sync: Background sync [github_advisories]: status=unchanged added=0 modified=0
2026-05-02 17:14:22 [INFO    ] codeshield.sync.ossindex: Enriching vulnerability data from OSS Index...
2026-05-02 17:14:23 [WARNING ] codeshield.sync.ossindex: OSS Index batch request failed: 401 Client Error: Unauthorized for url: https://ossindex.sonatype.org/api/v3/component-report
2026-05-02 17:14:23 [INFO    ] codeshield.sync.ossindex: OSS Index sync complete: added=0, modified=0
2026-05-02 17:14:23 [INFO    ] codeshield.sync: Background sync [ossindex]: status=updated added=0 modified=0
2026-05-02 17:14:23 [INFO    ] codeshield.sync: Background sync complete for all secondary sources
2026-05-02 17:19:20 [INFO    ] codeshield.context: Scan context built: 23 files, 3 languages, 2 manifests
2026-05-02 17:19:20 [INFO    ] codeshield.engine: Persisted 17 findings for scan f3c3bf80-257c-43da-8a93-8da93e07ed38
2026-05-02 17:19:20 [INFO    ] codeshield.engine: Cleaned up temp directory for scan f3c3bf80-257c-43da-8a93-8da93e07ed38
2026-05-02 17:19:38 [ERROR   ] codeshield.app: Exception on /api/scan/f3c3bf80-257c-43da-8a93-8da93e07ed38/report/pdf [GET]
Traceback (most recent call last):
  File "D:\SAST_SBOM_Scanner\venv\lib\python3.14\site-packages\fpdf\fpdf.py", line 4873, in normalize_text
    return text.encode(self.core_fonts_encoding).decode("latin-1")
           ~~~~~~~~~~~^^^^^^^^^^^^^^^^^^^^^^^^^^
UnicodeEncodeError: 'latin-1' codec can't encode character '\u2014' in position 18: ordinal not in range(256)

The above exception was the direct cause of the following exception:

Traceback (most recent call last):
  File "D:\SAST_SBOM_Scanner\venv\lib\python3.14\site-packages\flask\app.py", line 1511, in wsgi_app
    response = self.full_dispatch_request()
  File "D:\SAST_SBOM_Scanner\venv\lib\python3.14\site-packages\flask\app.py", line 919, in full_dispatch_request
    rv = self.handle_user_exception(e)
  File "D:\SAST_SBOM_Scanner\venv\lib\python3.14\site-packages\flask\app.py", line 917, in full_dispatch_request
    rv = self.dispatch_request()
  File "D:\SAST_SBOM_Scanner\venv\lib\python3.14\site-packages\flask\app.py", line 902, in dispatch_request
    return self.ensure_sync(self.view_functions[rule.endpoint])(**view_args)  # type: ignore[no-any-return]
           ~~~~~~~~~~~~~~~~~~~~~~~~~~~~~~~~~~~~~~~~~~~~~~~~~~~~^^^^^^^^^^^^^
  File "D:\SAST_SBOM_Scanner\codeshield\web\routes.py", line 255, in download_pdf
    data = generate_pdf(scan, findings, sbom)
  File "D:\SAST_SBOM_Scanner\codeshield\reports\pdf_report.py", line 241, in generate_pdf
    pdf.cell(0, 5, f"  {action}", ln=True)
    ~~~~~~~~^^^^^^^^^^^^^^^^^^^^^^^^^^^^^^
  File "D:\SAST_SBOM_Scanner\venv\lib\python3.14\site-packages\fpdf\fpdf.py", line 221, in wrapper
    return fn(self, *args, **kwargs)
  File "D:\SAST_SBOM_Scanner\venv\lib\python3.14\site-packages\fpdf\deprecation.py", line 32, in wrapper
    return fn(self, *args, **kwargs)
  File "D:\SAST_SBOM_Scanner\venv\lib\python3.14\site-packages\fpdf\fpdf.py", line 3228, in cell
    text = self.normalize_text(text)
  File "D:\SAST_SBOM_Scanner\venv\lib\python3.14\site-packages\fpdf\fpdf.py", line 4875, in normalize_text
    raise FPDFUnicodeEncodingException(
    ...<3 lines>...
    ) from error
fpdf.errors.FPDFUnicodeEncodingException: Character "—" at index 18 in text is outside the range of characters supported by the font used: "helveticaI". Please consider using a Unicode font.
2026-05-02 17:19:38 [ERROR   ] codeshield.web: Internal server error: 500 Internal Server Error: The server encountered an internal error and was unable to complete your request. Either the server is overloaded or there is an error in the application.
2026-05-02 17:20:09 [ERROR   ] codeshield.app: Exception on /api/scan/f3c3bf80-257c-43da-8a93-8da93e07ed38/report/pdf [GET]
Traceback (most recent call last):
  File "D:\SAST_SBOM_Scanner\venv\lib\python3.14\site-packages\fpdf\fpdf.py", line 4873, in normalize_text
    return text.encode(self.core_fonts_encoding).decode("latin-1")
           ~~~~~~~~~~~^^^^^^^^^^^^^^^^^^^^^^^^^^
UnicodeEncodeError: 'latin-1' codec can't encode character '\u2014' in position 18: ordinal not in range(256)

The above exception was the direct cause of the following exception:

Traceback (most recent call last):
  File "D:\SAST_SBOM_Scanner\venv\lib\python3.14\site-packages\flask\app.py", line 1511, in wsgi_app
    response = self.full_dispatch_request()
  File "D:\SAST_SBOM_Scanner\venv\lib\python3.14\site-packages\flask\app.py", line 919, in full_dispatch_request
    rv = self.handle_user_exception(e)
  File "D:\SAST_SBOM_Scanner\venv\lib\python3.14\site-packages\flask\app.py", line 917, in full_dispatch_request
    rv = self.dispatch_request()
  File "D:\SAST_SBOM_Scanner\venv\lib\python3.14\site-packages\flask\app.py", line 902, in dispatch_request
    return self.ensure_sync(self.view_functions[rule.endpoint])(**view_args)  # type: ignore[no-any-return]
           ~~~~~~~~~~~~~~~~~~~~~~~~~~~~~~~~~~~~~~~~~~~~~~~~~~~~^^^^^^^^^^^^^
  File "D:\SAST_SBOM_Scanner\codeshield\web\routes.py", line 255, in download_pdf
    data = generate_pdf(scan, findings, sbom)
  File "D:\SAST_SBOM_Scanner\codeshield\reports\pdf_report.py", line 241, in generate_pdf
    pdf.cell(0, 5, f"  {action}", ln=True)
    ~~~~~~~~^^^^^^^^^^^^^^^^^^^^^^^^^^^^^^
  File "D:\SAST_SBOM_Scanner\venv\lib\python3.14\site-packages\fpdf\fpdf.py", line 221, in wrapper
    return fn(self, *args, **kwargs)
  File "D:\SAST_SBOM_Scanner\venv\lib\python3.14\site-packages\fpdf\deprecation.py", line 32, in wrapper
    return fn(self, *args, **kwargs)
  File "D:\SAST_SBOM_Scanner\venv\lib\python3.14\site-packages\fpdf\fpdf.py", line 3228, in cell
    text = self.normalize_text(text)
  File "D:\SAST_SBOM_Scanner\venv\lib\python3.14\site-packages\fpdf\fpdf.py", line 4875, in normalize_text
    raise FPDFUnicodeEncodingException(
    ...<3 lines>...
    ) from error
fpdf.errors.FPDFUnicodeEncodingException: Character "—" at index 18 in text is outside the range of characters supported by the font used: "helveticaI". Please consider using a Unicode font.
2026-05-02 17:20:09 [ERROR   ] codeshield.web: Internal server error: 500 Internal Server Error: The server encountered an internal error and was unable to complete your request. Either the server is overloaded or there is an error in the application.
2026-05-02 17:21:26 [ERROR   ] codeshield.app: Exception on /api/scan/f3c3bf80-257c-43da-8a93-8da93e07ed38/report/pdf [GET]
Traceback (most recent call last):
  File "D:\SAST_SBOM_Scanner\venv\lib\python3.14\site-packages\fpdf\fpdf.py", line 4873, in normalize_text
    return text.encode(self.core_fonts_encoding).decode("latin-1")
           ~~~~~~~~~~~^^^^^^^^^^^^^^^^^^^^^^^^^^
UnicodeEncodeError: 'latin-1' codec can't encode character '\u2014' in position 18: ordinal not in range(256)

The above exception was the direct cause of the following exception:

Traceback (most recent call last):
  File "D:\SAST_SBOM_Scanner\venv\lib\python3.14\site-packages\flask\app.py", line 1511, in wsgi_app
    response = self.full_dispatch_request()
  File "D:\SAST_SBOM_Scanner\venv\lib\python3.14\site-packages\flask\app.py", line 919, in full_dispatch_request
    rv = self.handle_user_exception(e)
  File "D:\SAST_SBOM_Scanner\venv\lib\python3.14\site-packages\flask\app.py", line 917, in full_dispatch_request
    rv = self.dispatch_request()
  File "D:\SAST_SBOM_Scanner\venv\lib\python3.14\site-packages\flask\app.py", line 902, in dispatch_request
    return self.ensure_sync(self.view_functions[rule.endpoint])(**view_args)  # type: ignore[no-any-return]
           ~~~~~~~~~~~~~~~~~~~~~~~~~~~~~~~~~~~~~~~~~~~~~~~~~~~~^^^^^^^^^^^^^
  File "D:\SAST_SBOM_Scanner\codeshield\web\routes.py", line 255, in download_pdf
    data = generate_pdf(scan, findings, sbom)
  File "D:\SAST_SBOM_Scanner\codeshield\reports\pdf_report.py", line 241, in generate_pdf
    pdf.cell(0, 5, f"  {action}", ln=True)
    ~~~~~~~~^^^^^^^^^^^^^^^^^^^^^^^^^^^^^^
  File "D:\SAST_SBOM_Scanner\venv\lib\python3.14\site-packages\fpdf\fpdf.py", line 221, in wrapper
    return fn(self, *args, **kwargs)
  File "D:\SAST_SBOM_Scanner\venv\lib\python3.14\site-packages\fpdf\deprecation.py", line 32, in wrapper
    return fn(self, *args, **kwargs)
  File "D:\SAST_SBOM_Scanner\venv\lib\python3.14\site-packages\fpdf\fpdf.py", line 3228, in cell
    text = self.normalize_text(text)
  File "D:\SAST_SBOM_Scanner\venv\lib\python3.14\site-packages\fpdf\fpdf.py", line 4875, in normalize_text
    raise FPDFUnicodeEncodingException(
    ...<3 lines>...
    ) from error
fpdf.errors.FPDFUnicodeEncodingException: Character "—" at index 18 in text is outside the range of characters supported by the font used: "helveticaI". Please consider using a Unicode font.
2026-05-02 17:21:26 [ERROR   ] codeshield.web: Internal server error: 500 Internal Server Error: The server encountered an internal error and was unable to complete your request. Either the server is overloaded or there is an error in the application.
2026-05-02 17:33:46 [INFO    ] codeshield: ============================================================
2026-05-02 17:33:46 [INFO    ] codeshield:   CodeShield v2.0 — Starting up
2026-05-02 17:33:46 [INFO    ] codeshield: ============================================================
2026-05-02 17:33:46 [INFO    ] codeshield.database: Database initialized at ./codeshield_data/codeshield.db
2026-05-02 17:33:46 [INFO    ] codeshield: Database ready at ./codeshield_data/codeshield.db
2026-05-02 17:33:46 [INFO    ] codeshield: Running startup data sync...
2026-05-02 17:33:46 [INFO    ] codeshield.sync: Starting data sync for 2 sources...
2026-05-02 17:33:46 [INFO    ] codeshield.sync.osv: Syncing vulnerability data from OSV.dev...
2026-05-02 17:33:46 [INFO    ] codeshield.sync.spdx: Syncing SPDX license list...
2026-05-02 17:33:47 [INFO    ] codeshield.sync.spdx: SPDX data unchanged (hash match)
2026-05-02 17:35:21 [INFO    ] codeshield.sync.osv: OSV sync complete: added=0, modified=735
2026-05-02 17:35:21 [INFO    ] codeshield.sync: ============================================================
2026-05-02 17:35:21 [INFO    ] codeshield.sync: DATA SYNC REPORT (95.1s)
2026-05-02 17:35:21 [INFO    ] codeshield.sync: ============================================================
2026-05-02 17:35:21 [INFO    ] codeshield.sync:   [--] spdx_licenses            status=unchanged  added=0 modified=0
2026-05-02 17:35:21 [INFO    ] codeshield.sync:   [OK] osv_vulnerabilities      status=updated    added=0 modified=735
2026-05-02 17:35:21 [INFO    ] codeshield.sync: ============================================================
2026-05-02 17:35:21 [INFO    ] codeshield: Loading scanner plugins...
2026-05-02 17:35:21 [INFO    ] codeshield.plugins: Discovering plugins in: D:\SAST_SBOM_Scanner\codeshield\plugins
2026-05-02 17:35:21 [INFO    ] codeshield.plugins: Registered plugin: 'apisecurity' v1.0.0 from apisecurity_plugin.py
2026-05-02 17:35:21 [INFO    ] codeshield.sync: Background sync started for 3 secondary sources...
2026-05-02 17:35:21 [INFO    ] codeshield.plugins: Registered plugin: 'codequality' v1.0.0 from codequality_plugin.py
2026-05-02 17:35:21 [INFO    ] codeshield.sync.nvd: Syncing vulnerability data from NVD API v2.0...
2026-05-02 17:35:21 [INFO    ] codeshield.plugins.license: Loaded 729 SPDX license definitions
2026-05-02 17:35:21 [INFO    ] codeshield.plugins: Registered plugin: 'license' v1.0.0 from license_plugin.py
2026-05-02 17:35:21 [INFO    ] codeshield.plugins.sast: Loaded 16 SAST rules
2026-05-02 17:35:21 [INFO    ] codeshield.plugins: Registered plugin: 'sast' v1.0.0 from sast_plugin.py
2026-05-02 17:35:21 [INFO    ] codeshield.sync.nvd: NVD incremental sync from 2026-05-02T11:44:22.035812
2026-05-02 17:35:21 [INFO    ] codeshield.plugins.sca: Built 235 interval trees from vulnerability DB
2026-05-02 17:35:21 [INFO    ] codeshield.plugins: Registered plugin: 'sca' v1.0.0 from sca_plugin.py
2026-05-02 17:35:21 [INFO    ] codeshield.plugins.secrets: Loaded 14 secrets patterns
2026-05-02 17:35:21 [INFO    ] codeshield.plugins: Registered plugin: 'secrets' v1.0.0 from secrets_plugin.py
2026-05-02 17:35:21 [INFO    ] codeshield.plugins: Registered plugin: 'supplychain' v1.0.0 from supplychain_plugin.py
2026-05-02 17:35:21 [INFO    ] codeshield: Loaded 7 plugins: apisecurity, codequality, license, sast, sca, secrets, supplychain
2026-05-02 17:35:21 [INFO    ] codeshield: CodeShield ready — listening on 127.0.0.1:5000
2026-05-02 17:35:23 [INFO    ] codeshield.sync.nvd: NVD reports 0 total CVEs to sync
2026-05-02 17:35:23 [INFO    ] codeshield.sync.nvd: NVD sync complete: added=0, modified=0
2026-05-02 17:35:23 [INFO    ] codeshield.sync: Background sync [nvd_vulnerabilities]: status=updated added=0 modified=0
2026-05-02 17:35:23 [INFO    ] codeshield.sync.github_advisory: GITHUB_TOKEN not set, skipping GitHub Advisory sync
2026-05-02 17:35:23 [INFO    ] codeshield.sync: Background sync [github_advisories]: status=unchanged added=0 modified=0
2026-05-02 17:35:23 [INFO    ] codeshield.sync.ossindex: Enriching vulnerability data from OSS Index...
2026-05-02 17:35:24 [WARNING ] codeshield.sync.ossindex: OSS Index batch request failed: 401 Client Error: Unauthorized for url: https://ossindex.sonatype.org/api/v3/component-report
2026-05-02 17:35:24 [INFO    ] codeshield.sync.ossindex: OSS Index sync complete: added=0, modified=0
2026-05-02 17:35:24 [INFO    ] codeshield.sync: Background sync [ossindex]: status=updated added=0 modified=0
2026-05-02 17:35:24 [INFO    ] codeshield.sync: Background sync complete for all secondary sources
